2021-01-19 16:22:40,622 INFO  training.task.model.entity.Van [main] Van 0 connected
2021-01-19 16:22:45,632 INFO  training.task.model.entity.Van [main] Van 0 unloaded
2021-01-19 16:22:45,633 INFO  training.task.model.entity.Van [main] Van 0 disconnected
2021-01-19 16:22:45,633 INFO  training.task.model.entity.Van [main] Van 0 has 0 products now
2021-01-19 16:22:45,634 INFO  training.task.model.entity.Van [main] Van 1 connected
2021-01-19 16:23:26,975 INFO  training.task.model.entity.Van [main] Van 0 connected and has 3 products
2021-01-19 16:23:27,987 INFO  training.task.model.entity.Van [main] Van 0 unloaded
2021-01-19 16:23:27,987 INFO  training.task.model.entity.Van [main] Van 0 disconnected
2021-01-19 16:23:27,988 INFO  training.task.model.entity.Van [main] Van 0 has 0 products now
2021-01-19 16:23:27,988 INFO  training.task.model.entity.Van [main] Van 1 connected and has 5 products
2021-01-19 16:23:28,989 INFO  training.task.model.entity.Van [main] Van 1 unloaded
2021-01-19 16:23:28,989 INFO  training.task.model.entity.Van [main] Van 1 disconnected
2021-01-19 16:23:28,989 INFO  training.task.model.entity.Van [main] Van 1 has 0 products now
2021-01-19 16:23:28,990 INFO  training.task.model.entity.Van [main] Van 2 connected and has 2 products
2021-01-19 16:23:29,991 INFO  training.task.model.entity.Van [main] Van 2 unloaded
2021-01-19 16:23:29,991 INFO  training.task.model.entity.Van [main] Van 2 disconnected
2021-01-19 16:23:29,992 INFO  training.task.model.entity.Van [main] Van 2 has 0 products now
2021-01-19 16:39:42,653 INFO  training.task.model.entity.Van [main] Van 0 connected and has 3 products
2021-01-19 16:39:43,657 INFO  training.task.model.entity.Van [main] Van 0 unloaded
2021-01-19 16:39:43,657 INFO  training.task.model.entity.Van [main] Van 0 disconnected
2021-01-19 16:39:43,658 INFO  training.task.model.entity.Van [main] Van 0 has 0 products now
2021-01-19 16:39:43,658 INFO  training.task.model.entity.Van [main] Van 1 connected and has 5 products
2021-01-19 16:39:44,659 INFO  training.task.model.entity.Van [main] Van 1 unloaded
2021-01-19 16:39:44,659 INFO  training.task.model.entity.Van [main] Van 1 disconnected
2021-01-19 16:39:44,660 INFO  training.task.model.entity.Van [main] Van 1 has 0 products now
2021-01-19 16:39:44,660 INFO  training.task.model.entity.Van [main] Van 2 connected and has 2 products
2021-01-19 16:39:45,662 INFO  training.task.model.entity.Van [main] Van 2 unloaded
2021-01-19 16:39:45,662 INFO  training.task.model.entity.Van [main] Van 2 disconnected
2021-01-19 16:39:45,663 INFO  training.task.model.entity.Van [main] Van 2 has 0 products now
2021-01-19 16:39:45,663 INFO  training.task.model.entity.Van [main] Van 3 connected and has 8 products
2021-01-19 16:39:46,665 INFO  training.task.model.entity.Van [main] Van 3 unloaded
2021-01-19 16:39:46,665 INFO  training.task.model.entity.Van [main] Van 3 disconnected
2021-01-19 16:39:46,666 INFO  training.task.model.entity.Van [main] Van 3 has 0 products now
2021-01-19 16:39:46,666 INFO  training.task.model.entity.Van [main] Van 4 connected and has 2 products
2021-01-19 16:39:47,667 INFO  training.task.model.entity.Van [main] Van 4 unloaded
2021-01-19 16:39:47,667 INFO  training.task.model.entity.Van [main] Van 4 disconnected
2021-01-19 16:39:47,668 INFO  training.task.model.entity.Van [main] Van 4 has 0 products now
2021-01-19 16:39:47,668 INFO  training.task.model.entity.Van [main] Van 5 connected and has 5 products
2021-01-19 16:39:48,670 INFO  training.task.model.entity.Van [main] Van 5 unloaded
2021-01-19 16:39:48,670 INFO  training.task.model.entity.Van [main] Van 5 disconnected
2021-01-19 16:39:48,671 INFO  training.task.model.entity.Van [main] Van 5 has 0 products now
2021-01-19 16:39:48,671 INFO  training.task.model.entity.Van [main] Van 6 connected and has 7 products
2021-01-19 16:39:49,673 INFO  training.task.model.entity.Van [main] Van 6 unloaded
2021-01-19 16:39:49,673 INFO  training.task.model.entity.Van [main] Van 6 disconnected
2021-01-19 16:39:49,673 INFO  training.task.model.entity.Van [main] Van 6 has 0 products now
2021-01-19 16:39:49,674 INFO  training.task.model.entity.Van [main] Van 7 connected and has 9 products
2021-01-19 16:39:50,675 INFO  training.task.model.entity.Van [main] Van 7 unloaded
2021-01-19 16:39:50,675 INFO  training.task.model.entity.Van [main] Van 7 disconnected
2021-01-19 16:39:50,676 INFO  training.task.model.entity.Van [main] Van 7 has 0 products now
2021-01-19 16:39:50,677 INFO  training.task.model.entity.Van [main] Van 8 connected and has 1 products
2021-01-19 16:39:51,677 INFO  training.task.model.entity.Van [main] Van 8 unloaded
2021-01-19 16:39:51,677 INFO  training.task.model.entity.Van [main] Van 8 disconnected
2021-01-19 16:39:51,679 INFO  training.task.model.entity.Van [main] Van 8 has 0 products now
2021-01-19 16:41:05,359 INFO  training.task.model.entity.Van [main] Van 0 connected and has 3 products
2021-01-19 16:41:07,367 INFO  training.task.model.entity.Van [main] Van 0 unloaded
2021-01-19 16:41:07,368 INFO  training.task.model.entity.Van [main] Van 0 disconnected
2021-01-19 16:41:07,368 INFO  training.task.model.entity.Van [main] Van 0 has 0 products now
2021-01-19 16:41:07,369 INFO  training.task.model.entity.Van [main] Van 1 connected and has 5 products
2021-01-19 16:41:09,370 INFO  training.task.model.entity.Van [main] Van 1 unloaded
2021-01-19 16:41:09,370 INFO  training.task.model.entity.Van [main] Van 1 disconnected
2021-01-19 16:41:09,371 INFO  training.task.model.entity.Van [main] Van 1 has 0 products now
2021-01-19 16:41:09,372 INFO  training.task.model.entity.Van [main] Van 2 connected and has 2 products
2021-01-19 16:41:11,372 INFO  training.task.model.entity.Van [main] Van 2 unloaded
2021-01-19 16:41:11,373 INFO  training.task.model.entity.Van [main] Van 2 disconnected
2021-01-19 16:41:11,373 INFO  training.task.model.entity.Van [main] Van 2 has 0 products now
2021-01-19 16:41:11,373 INFO  training.task.model.entity.Van [main] Van 3 connected and has 8 products
2021-01-19 16:41:13,375 INFO  training.task.model.entity.Van [main] Van 3 unloaded
2021-01-19 16:41:13,376 INFO  training.task.model.entity.Van [main] Van 3 disconnected
2021-01-19 16:41:13,376 INFO  training.task.model.entity.Van [main] Van 3 has 0 products now
2021-01-19 16:41:13,376 INFO  training.task.model.entity.Van [main] Van 4 connected and has 2 products
2021-01-19 16:41:15,377 INFO  training.task.model.entity.Van [main] Van 4 unloaded
2021-01-19 16:41:15,377 INFO  training.task.model.entity.Van [main] Van 4 disconnected
2021-01-19 16:41:15,377 INFO  training.task.model.entity.Van [main] Van 4 has 0 products now
2021-01-19 16:41:15,377 INFO  training.task.model.entity.Van [main] Van 5 connected and has 5 products
2021-01-19 17:38:10,598 INFO  training.task.model.entity.Van [pool-2-thread-2] Van 1 connected and has 5 products
2021-01-19 17:38:12,603 INFO  training.task.model.entity.Van [pool-2-thread-2] Van 1 unloaded
2021-01-19 17:38:12,603 INFO  training.task.model.entity.Van [pool-2-thread-2] Van 1 disconnected
2021-01-19 17:38:12,604 INFO  training.task.model.entity.Van [pool-2-thread-2] Van 1 has 0 products now
2021-01-19 17:38:12,605 INFO  training.task.model.entity.Van [pool-2-thread-2] Van 3 connected and has 8 products
2021-01-19 17:38:14,605 INFO  training.task.model.entity.Van [pool-2-thread-2] Van 3 unloaded
2021-01-19 17:38:14,605 INFO  training.task.model.entity.Van [pool-2-thread-2] Van 3 disconnected
2021-01-19 17:38:14,606 INFO  training.task.model.entity.Van [pool-2-thread-2] Van 3 has 0 products now
2021-01-19 17:38:14,606 INFO  training.task.model.entity.Van [pool-2-thread-2] Van 4 connected and has 2 products
2021-01-19 17:38:16,608 INFO  training.task.model.entity.Van [pool-2-thread-2] Van 4 unloaded
2021-01-19 17:38:16,608 INFO  training.task.model.entity.Van [pool-2-thread-2] Van 4 disconnected
2021-01-19 17:38:16,609 INFO  training.task.model.entity.Van [pool-2-thread-2] Van 4 has 0 products now
2021-01-19 17:38:16,609 INFO  training.task.model.entity.Van [pool-2-thread-2] Van 5 connected and has 5 products
2021-01-19 17:38:18,609 INFO  training.task.model.entity.Van [pool-2-thread-2] Van 5 unloaded
2021-01-19 17:38:18,610 INFO  training.task.model.entity.Van [pool-2-thread-2] Van 5 disconnected
2021-01-19 17:38:18,610 INFO  training.task.model.entity.Van [pool-2-thread-2] Van 5 has 0 products now
2021-01-19 17:38:18,611 INFO  training.task.model.entity.Van [pool-2-thread-2] Van 6 connected and has 7 products
2021-01-19 17:38:20,612 INFO  training.task.model.entity.Van [pool-2-thread-2] Van 6 unloaded
2021-01-19 17:38:20,612 INFO  training.task.model.entity.Van [pool-2-thread-2] Van 6 disconnected
2021-01-19 17:38:20,612 INFO  training.task.model.entity.Van [pool-2-thread-2] Van 6 has 0 products now
2021-01-19 17:38:20,613 INFO  training.task.model.entity.Van [pool-2-thread-2] Van 7 connected and has 9 products
2021-01-19 17:38:22,613 INFO  training.task.model.entity.Van [pool-2-thread-2] Van 7 unloaded
2021-01-19 17:38:22,613 INFO  training.task.model.entity.Van [pool-2-thread-2] Van 7 disconnected
2021-01-19 17:38:22,613 INFO  training.task.model.entity.Van [pool-2-thread-2] Van 7 has 0 products now
2021-01-19 17:38:22,614 INFO  training.task.model.entity.Van [pool-2-thread-2] Van 8 connected and has 1 products
2021-01-19 17:38:24,614 INFO  training.task.model.entity.Van [pool-2-thread-2] Van 8 unloaded
2021-01-19 17:38:24,614 INFO  training.task.model.entity.Van [pool-2-thread-2] Van 8 disconnected
2021-01-19 17:38:24,615 INFO  training.task.model.entity.Van [pool-2-thread-2] Van 8 has 0 products now
2021-01-19 17:39:18,031 INFO  training.task.model.entity.Van [pool-2-thread-1] Van 0 connected and has 3 products
2021-01-19 17:39:20,035 INFO  training.task.model.entity.Van [pool-2-thread-1] Van 0 unloaded
2021-01-19 17:39:20,035 INFO  training.task.model.entity.Van [pool-2-thread-1] Van 0 disconnected
2021-01-19 17:39:20,035 INFO  training.task.model.entity.Van [pool-2-thread-1] Van 0 has 0 products now
2021-01-19 17:39:20,036 INFO  training.task.model.entity.Van [pool-2-thread-1] Van 4 connected and has 2 products
2021-01-19 17:39:22,036 INFO  training.task.model.entity.Van [pool-2-thread-1] Van 4 unloaded
2021-01-19 17:39:22,036 INFO  training.task.model.entity.Van [pool-2-thread-1] Van 4 disconnected
2021-01-19 17:39:22,037 INFO  training.task.model.entity.Van [pool-2-thread-1] Van 4 has 0 products now
2021-01-19 17:39:22,037 INFO  training.task.model.entity.Van [pool-2-thread-1] Van 5 connected and has 5 products
2021-01-19 17:39:24,039 INFO  training.task.model.entity.Van [pool-2-thread-1] Van 5 unloaded
2021-01-19 17:39:24,039 INFO  training.task.model.entity.Van [pool-2-thread-1] Van 5 disconnected
2021-01-19 17:39:24,039 INFO  training.task.model.entity.Van [pool-2-thread-1] Van 5 has 0 products now
2021-01-19 17:39:24,039 INFO  training.task.model.entity.Van [pool-2-thread-1] Van 6 connected and has 7 products
2021-01-19 17:39:26,039 INFO  training.task.model.entity.Van [pool-2-thread-1] Van 6 unloaded
2021-01-19 17:39:26,039 INFO  training.task.model.entity.Van [pool-2-thread-1] Van 6 disconnected
2021-01-19 17:39:26,040 INFO  training.task.model.entity.Van [pool-2-thread-1] Van 6 has 0 products now
2021-01-19 17:39:26,040 INFO  training.task.model.entity.Van [pool-2-thread-1] Van 7 connected and has 9 products
2021-01-19 17:39:28,041 INFO  training.task.model.entity.Van [pool-2-thread-1] Van 7 unloaded
2021-01-19 17:39:28,041 INFO  training.task.model.entity.Van [pool-2-thread-1] Van 7 disconnected
2021-01-19 17:39:28,042 INFO  training.task.model.entity.Van [pool-2-thread-1] Van 7 has 0 products now
2021-01-19 17:39:28,042 INFO  training.task.model.entity.Van [pool-2-thread-1] Van 8 connected and has 1 products
2021-01-19 17:39:30,043 INFO  training.task.model.entity.Van [pool-2-thread-1] Van 8 unloaded
2021-01-19 17:39:30,043 INFO  training.task.model.entity.Van [pool-2-thread-1] Van 8 disconnected
2021-01-19 17:39:30,043 INFO  training.task.model.entity.Van [pool-2-thread-1] Van 8 has 0 products now
2021-01-19 17:40:04,156 INFO  training.task.model.entity.Van [pool-2-thread-1] Van 0 connected and has 3 products
2021-01-19 17:40:06,161 INFO  training.task.model.entity.Van [pool-2-thread-1] Van 0 unloaded
2021-01-19 17:40:06,162 INFO  training.task.model.entity.Van [pool-2-thread-1] Van 0 disconnected
2021-01-19 17:40:06,162 INFO  training.task.model.entity.Van [pool-2-thread-1] Van 0 has 0 products now
2021-01-19 17:40:06,163 INFO  training.task.model.entity.Van [pool-2-thread-1] Van 4 connected and has 2 products
2021-01-19 17:40:08,163 INFO  training.task.model.entity.Van [pool-2-thread-1] Van 4 unloaded
2021-01-19 17:40:08,163 INFO  training.task.model.entity.Van [pool-2-thread-1] Van 4 disconnected
2021-01-19 17:40:08,164 INFO  training.task.model.entity.Van [pool-2-thread-1] Van 4 has 0 products now
2021-01-19 17:40:08,164 INFO  training.task.model.entity.Van [pool-2-thread-1] Van 5 connected and has 5 products
2021-01-19 17:40:10,166 INFO  training.task.model.entity.Van [pool-2-thread-1] Van 5 unloaded
2021-01-19 17:40:10,166 INFO  training.task.model.entity.Van [pool-2-thread-1] Van 5 disconnected
2021-01-19 17:40:10,166 INFO  training.task.model.entity.Van [pool-2-thread-1] Van 5 has 0 products now
2021-01-19 17:40:10,166 INFO  training.task.model.entity.Van [pool-2-thread-1] Van 6 connected and has 7 products
2021-01-19 17:40:12,166 INFO  training.task.model.entity.Van [pool-2-thread-1] Van 6 unloaded
2021-01-19 17:40:12,166 INFO  training.task.model.entity.Van [pool-2-thread-1] Van 6 disconnected
2021-01-19 17:40:12,166 INFO  training.task.model.entity.Van [pool-2-thread-1] Van 6 has 0 products now
2021-01-19 17:40:12,166 INFO  training.task.model.entity.Van [pool-2-thread-1] Van 7 connected and has 9 products
2021-01-19 17:40:14,167 INFO  training.task.model.entity.Van [pool-2-thread-1] Van 7 unloaded
2021-01-19 17:40:14,167 INFO  training.task.model.entity.Van [pool-2-thread-1] Van 7 disconnected
2021-01-19 17:40:14,168 INFO  training.task.model.entity.Van [pool-2-thread-1] Van 7 has 0 products now
2021-01-19 17:40:14,169 INFO  training.task.model.entity.Van [pool-2-thread-1] Van 8 connected and has 1 products
2021-01-19 17:40:16,169 INFO  training.task.model.entity.Van [pool-2-thread-1] Van 8 unloaded
2021-01-19 17:40:16,169 INFO  training.task.model.entity.Van [pool-2-thread-1] Van 8 disconnected
2021-01-19 17:40:16,169 INFO  training.task.model.entity.Van [pool-2-thread-1] Van 8 has 0 products now
